#
# There is insufficient memory for the Java Runtime Environment to continue.
# Native memory allocation (malloc) failed to allocate 1048576 bytes. Error detail: AllocateHeap
# Possible reasons:
#   The system is out of physical RAM or swap space
#   This process is running with CompressedOops enabled, and the Java Heap may be blocking the growth of the native heap
# Possible solutions:
#   Reduce memory load on the system
#   Increase physical memory or swap space
#   Check if swap backing store is full
#   Decrease Java heap size (-Xmx/-Xms)
#   Decrease number of Java threads
#   Decrease Java thread stack sizes (-Xss)
#   Set larger code cache with -XX:ReservedCodeCacheSize=
#   JVM is running with Unscaled Compressed Oops mode in which the Java heap is
#     placed in the first 4GB address space. The Java Heap base address is the
#     maximum limit for the native heap growth. Please use -XX:HeapBaseMinAddress
#     to set the Java Heap base and to place the Java Heap above 4GB virtual address.
# This output file may be truncated or incomplete.
#
#  Out of Memory Error (allocation.cpp:44), pid=31136, tid=6136
#
# JRE version: OpenJDK Runtime Environment Temurin-21.0.9+10 (21.0.9+10) (build 21.0.9+10-LTS)
# Java VM: OpenJDK 64-Bit Server VM Temurin-21.0.9+10 (21.0.9+10-LTS, mixed mode, sharing, tiered, compressed oops, compressed class ptrs, parallel gc, windows-amd64)
# No core dump will be written. Minidumps are not enabled by default on client versions of Windows
#

---------------  S U M M A R Y ------------

Command Line: --add-modules=ALL-SYSTEM --add-opens=java.base/java.util=ALL-UNNAMED --add-opens=java.base/java.lang=ALL-UNNAMED --add-opens=java.base/sun.nio.fs=ALL-UNNAMED -Declipse.application=org.eclipse.jdt.ls.core.id1 -Dosgi.bundles.defaultStartLevel=4 -Declipse.product=org.eclipse.jdt.ls.core.product -Djava.import.generatesMetadataFilesAtProjectRoot=false -DDetectVMInstallationsJob.disabled=true -Dfile.encoding=utf8 -XX:+UseParallelGC -XX:GCTimeRatio=4 -XX:AdaptiveSizePolicyWeight=90 -Dsun.zip.disableMemoryMapping=true -Xmx2G -Xms100m -Xlog:disable -javaagent:c:\Users\Rushikesh\.vscode\extensions\redhat.java-1.49.0-win32-x64\lombok\lombok-1.18.39-4050.jar -XX:+HeapDumpOnOutOfMemoryError -XX:HeapDumpPath=c:\Users\Rushikesh\AppData\Roaming\Code\User\workspaceStorage\cbf1c30ce6659f16218f26f7af66910e\redhat.java -Daether.dependencyCollector.impl=bf c:\Users\Rushikesh\.vscode\extensions\redhat.java-1.49.0-win32-x64\server\plugins\org.eclipse.equinox.launcher_1.7.100.v20251111-0406.jar -configuration c:\Users\Rushikesh\AppData\Roaming\Code\User\globalStorage\redhat.java\1.49.0\config_win -data c:\Users\Rushikesh\AppData\Roaming\Code\User\workspaceStorage\cbf1c30ce6659f16218f26f7af66910e\redhat.java\jdt_ws --pipe=\\.\pipe\lsp-e31b60690e680bfc166cd9427819337a-sock

Host: AMD Ryzen 5 7235HS                             , 8 cores, 23G,  Windows 11 , 64 bit Build 26100 (10.0.26100.7019)
Time: Sun Nov 23 00:13:22 2025 India Standard Time elapsed time: 1471.991190 seconds (0d 0h 24m 31s)

---------------  T H R E A D  ---------------

Current thread (0x000002c8bec8b7f0):  JavaThread "Attach Listener" daemon [_thread_in_vm, id=6136, stack(0x000000eef8d00000,0x000000eef8e00000) (1024K)]

Stack: [0x000000eef8d00000,0x000000eef8e00000]
Native frames: (J=compiled Java code, j=interpreted, Vv=VM code, C=native code)
V  [jvm.dll+0x6d6e29]
V  [jvm.dll+0x8b4b76]
V  [jvm.dll+0x8b712e]
V  [jvm.dll+0x8b7813]
V  [jvm.dll+0x283d86]
V  [jvm.dll+0xc1277]
V  [jvm.dll+0x6d76d9]
V  [jvm.dll+0x133466]
V  [jvm.dll+0x3f7ea6]
V  [jvm.dll+0x85e9ad]
V  [jvm.dll+0x6d565d]
C  [ucrtbase.dll+0x37b0]
C  [KERNEL32.DLL+0x2e8d7]
C  [ntdll.dll+0x8c53c]


---------------  P R O C E S S  ---------------

Threads class SMR info:
_java_thread_list=0x000002c92c6fcf10, length=48, elements={
0x000002c8bebd4460, 0x000002c8bec82030, 0x000002c8bec851f0, 0x000002c8bec8ab00,
0x000002c8bec8b7f0, 0x000002c8bec8d8a0, 0x000002c8d73655b0, 0x000002c8d736f4f0,
0x000002c8d7375ec0, 0x000002c8d7367680, 0x000002c8d73662d0, 0x000002c91ebc3d20,
0x000002c91ebc3690, 0x000002c91ebc43b0, 0x000002c91ebc6480, 0x000002c91ebc6b10,
0x000002c91ebc4a40, 0x000002c91ebc8550, 0x000002c91ebc71a0, 0x000002c91ebc50d0,
0x000002c91ebc9270, 0x000002c91ebc9900, 0x000002c91ebc9f90, 0x000002c91ebca620,
0x000002c8d7366960, 0x000002c8d73683a0, 0x000002c8d7365c40, 0x000002c8d7367d10,
0x000002c8d7368a30, 0x000002c91f575e30, 0x000002c91f5757a0, 0x000002c91f5736d0,
0x000002c91e69a4a0, 0x000002c91e5f2720, 0x000002c91f5771e0, 0x000002c91f575110,
0x000002c91f5743f0, 0x000002c91f579fd0, 0x000002c91f577f00, 0x000002c91f57a660,
0x000002c91f578c20, 0x000002c91f578590, 0x000002c91f5792b0, 0x000002c91f579940,
0x000002c91e697d40, 0x000002c91e696990, 0x000002c91e696300, 0x000002c91e6983d0
}

Java Threads: ( => current thread )
  0x000002c8bebd4460 JavaThread "main"                              [_thread_blocked, id=15304, stack(0x000000eef8600000,0x000000eef8700000) (1024K)]
  0x000002c8bec82030 JavaThread "Reference Handler"          daemon [_thread_blocked, id=4004, stack(0x000000eef8a00000,0x000000eef8b00000) (1024K)]
  0x000002c8bec851f0 JavaThread "Finalizer"                  daemon [_thread_blocked, id=29392, stack(0x000000eef8b00000,0x000000eef8c00000) (1024K)]
  0x000002c8bec8ab00 JavaThread "Signal Dispatcher"          daemon [_thread_blocked, id=28964, stack(0x000000eef8c00000,0x000000eef8d00000) (1024K)]
=>0x000002c8bec8b7f0 JavaThread "Attach Listener"            daemon [_thread_in_vm, id=6136, stack(0x000000eef8d00000,0x000000eef8e00000) (1024K)]
  0x000002c8bec8d8a0 JavaThread "Service Thread"             daemon [_thread_blocked, id=19308, stack(0x000000eef8e00000,0x000000eef8f00000) (1024K)]
  0x000002c8d73655b0 JavaThread "Monitor Deflation Thread"   daemon [_thread_blocked, id=11060, stack(0x000000eef8f00000,0x000000eef9000000) (1024K)]
  0x000002c8d736f4f0 JavaThread "C2 CompilerThread0"         daemon [_thread_blocked, id=22676, stack(0x000000eef9000000,0x000000eef9100000) (1024K)]
  0x000002c8d7375ec0 JavaThread "C1 CompilerThread0"         daemon [_thread_blocked, id=14556, stack(0x000000eef9100000,0x000000eef9200000) (1024K)]
  0x000002c8d7367680 JavaThread "Common-Cleaner"             daemon [_thread_blocked, id=14744, stack(0x000000eef9300000,0x000000eef9400000) (1024K)]
  0x000002c8d73662d0 JavaThread "Notification Thread"        daemon [_thread_blocked, id=9264, stack(0x000000eef9400000,0x000000eef9500000) (1024K)]
  0x000002c91ebc3d20 JavaThread "Active Thread: Equinox Container: ce326352-c8d7-447f-9f6b-d49b6b5cfaac"        [_thread_blocked, id=6304, stack(0x000000eefa200000,0x000000eefa300000) (1024K)]
  0x000002c91ebc3690 JavaThread "Framework Event Dispatcher: Equinox Container: ce326352-c8d7-447f-9f6b-d49b6b5cfaac" daemon [_thread_blocked, id=4368, stack(0x000000eef9200000,0x000000eef9300000) (1024K)]
  0x000002c91ebc43b0 JavaThread "Start Level: Equinox Container: ce326352-c8d7-447f-9f6b-d49b6b5cfaac" daemon [_thread_blocked, id=7728, stack(0x000000eef9500000,0x000000eef9600000) (1024K)]
  0x000002c91ebc6480 JavaThread "Refresh Thread: Equinox Container: ce326352-c8d7-447f-9f6b-d49b6b5cfaac" daemon [_thread_blocked, id=28200, stack(0x000000eefa500000,0x000000eefa600000) (1024K)]
  0x000002c91ebc6b10 JavaThread "Bundle File Closer"         daemon [_thread_blocked, id=25200, stack(0x000000eefa300000,0x000000eefa400000) (1024K)]
  0x000002c91ebc4a40 JavaThread "SCR Component Actor"        daemon [_thread_blocked, id=27948, stack(0x000000eefa600000,0x000000eefa700000) (1024K)]
  0x000002c91ebc8550 JavaThread "Worker-JM"                         [_thread_blocked, id=10608, stack(0x000000eefaa00000,0x000000eefab00000) (1024K)]
  0x000002c91ebc71a0 JavaThread "JNA Cleaner"                daemon [_thread_blocked, id=26164, stack(0x000000eefab00000,0x000000eefac00000) (1024K)]
  0x000002c91ebc50d0 JavaThread "Java indexing"              daemon [_thread_blocked, id=16284, stack(0x000000eef9d00000,0x000000eef9e00000) (1024K)]
  0x000002c91ebc9270 JavaThread "Thread-1"                   daemon [_thread_in_native, id=25720, stack(0x000000eefa900000,0x000000eefaa00000) (1024K)]
  0x000002c91ebc9900 JavaThread "Thread-2"                   daemon [_thread_in_native, id=29164, stack(0x000000eefaf00000,0x000000eefb000000) (1024K)]
  0x000002c91ebc9f90 JavaThread "Thread-3"                   daemon [_thread_in_native, id=23260, stack(0x000000eefb000000,0x000000eefb100000) (1024K)]
  0x000002c91ebca620 JavaThread "Thread-4"                   daemon [_thread_in_native, id=4700, stack(0x000000eefb100000,0x000000eefb200000) (1024K)]
  0x000002c8d7366960 JavaThread "Thread-5"                   daemon [_thread_in_native, id=20856, stack(0x000000eefb200000,0x000000eefb300000) (1024K)]
  0x000002c8d73683a0 JavaThread "Thread-6"                   daemon [_thread_in_native, id=20836, stack(0x000000eefb300000,0x000000eefb400000) (1024K)]
  0x000002c8d7365c40 JavaThread "Thread-7"                   daemon [_thread_in_native, id=2128, stack(0x000000eefb400000,0x000000eefb500000) (1024K)]
  0x000002c8d7367d10 JavaThread "Thread-8"                   daemon [_thread_in_native, id=10380, stack(0x000000eefb500000,0x000000eefb600000) (1024K)]
  0x000002c8d7368a30 JavaThread "Thread-9"                   daemon [_thread_in_native, id=21812, stack(0x000000eefb600000,0x000000eefb700000) (1024K)]
  0x000002c91f575e30 JavaThread "pool-2-thread-1"                   [_thread_blocked, id=18900, stack(0x000000eefb800000,0x000000eefb900000) (1024K)]
  0x000002c91f5757a0 JavaThread "WorkspaceEventsHandler"            [_thread_blocked, id=34608, stack(0x000000eefb900000,0x000000eefba00000) (1024K)]
  0x000002c91f5736d0 JavaThread "pool-1-thread-1"                   [_thread_blocked, id=14076, stack(0x000000eefba00000,0x000000eefbb00000) (1024K)]
  0x000002c91e69a4a0 JavaThread "Cleaner-0"                  daemon [_thread_blocked, id=26912, stack(0x000000eefe200000,0x000000eefe300000) (1024K)]
  0x000002c91e5f2720 JavaThread "Worker-9"                          [_thread_blocked, id=16252, stack(0x000000eef9f00000,0x000000eefa000000) (1024K)]
  0x000002c91f5771e0 JavaThread "ForkJoinPool.commonPool-worker-8" daemon [_thread_blocked, id=31536, stack(0x000000eef8300000,0x000000eef8400000) (1024K)]
  0x000002c91f575110 JavaThread "ForkJoinPool.commonPool-worker-9" daemon [_thread_blocked, id=15448, stack(0x000000eef8400000,0x000000eef8500000) (1024K)]
  0x000002c91f5743f0 JavaThread "ForkJoinPool.commonPool-worker-10" daemon [_thread_blocked, id=11144, stack(0x000000eef8500000,0x000000eef8600000) (1024K)]
  0x000002c91f579fd0 JavaThread "Compiler Source File Reader" daemon [_thread_blocked, id=5156, stack(0x000000eefa000000,0x000000eefa100000) (1024K)]
  0x000002c91f577f00 JavaThread "Worker-13"                         [_thread_blocked, id=22332, stack(0x000000eefa700000,0x000000eefa800000) (1024K)]
  0x000002c91f57a660 JavaThread "ForkJoinPool.commonPool-worker-11" daemon [_thread_blocked, id=17288, stack(0x000000eefa800000,0x000000eefa900000) (1024K)]
  0x000002c91f578c20 JavaThread "ForkJoinPool.commonPool-worker-12" daemon [_thread_blocked, id=7180, stack(0x000000eefac00000,0x000000eefad00000) (1024K)]
  0x000002c91f578590 JavaThread "ForkJoinPool.commonPool-worker-13" daemon [_thread_blocked, id=31396, stack(0x000000eefad00000,0x000000eefae00000) (1024K)]
  0x000002c91f5792b0 JavaThread "Compiler Source File Reader" daemon [_thread_blocked, id=25892, stack(0x000000eefae00000,0x000000eefaf00000) (1024K)]
  0x000002c91f579940 JavaThread "Compiler Source File Reader" daemon [_thread_blocked, id=15416, stack(0x000000eefb700000,0x000000eefb800000) (1024K)]
  0x000002c91e697d40 JavaThread "Compiler Source File Reader" daemon [_thread_blocked, id=2500, stack(0x000000eefbb00000,0x000000eefbc00000) (1024K)]
  0x000002c91e696990 JavaThread "Compiler Source File Reader" daemon [_thread_blocked, id=21680, stack(0x000000eefbc00000,0x000000eefbd00000) (1024K)]
  0x000002c91e696300 JavaThread "Compiler Source File Reader" daemon [_thread_blocked, id=26268, stack(0x000000eefbd00000,0x000000eefbe00000) (1024K)]
  0x000002c91e6983d0 JavaThread "ForkJoinPool.commonPool-worker-14" daemon [_thread_blocked, id=30204, stack(0x000000eefbe00000,0x000000eefbf00000) (1024K)]
Total: 48

Other Threads:
  0x000002c8d7351a60 VMThread "VM Thread"                           [id=7940, stack(0x000000eef8900000,0x000000eef8a00000) (1024K)]
  0x000002c8d726ca00 WatcherThread "VM Periodic Task Thread"        [id=17000, stack(0x000000eef8800000,0x000000eef8900000) (1024K)]
  0x000002c8bebf3240 WorkerThread "GC Thread#0"                     [id=25360, stack(0x000000eef8700000,0x000000eef8800000) (1024K)]
  0x000002c91ebc2ac0 WorkerThread "GC Thread#1"                     [id=11436, stack(0x000000eef9600000,0x000000eef9700000) (1024K)]
  0x000002c91ebb6de0 WorkerThread "GC Thread#2"                     [id=15848, stack(0x000000eef9700000,0x000000eef9800000) (1024K)]
  0x000002c91e44ed90 WorkerThread "GC Thread#3"                     [id=7116, stack(0x000000eef9800000,0x000000eef9900000) (1024K)]
  0x000002c91e44f130 WorkerThread "GC Thread#4"                     [id=4608, stack(0x000000eef9900000,0x000000eef9a00000) (1024K)]
  0x000002c91e83da10 WorkerThread "GC Thread#5"                     [id=9956, stack(0x000000eef9a00000,0x000000eef9b00000) (1024K)]
  0x000002c91e83ddb0 WorkerThread "GC Thread#6"                     [id=31476, stack(0x000000eef9b00000,0x000000eef9c00000) (1024K)]
  0x000002c91e1ff670 WorkerThread "GC Thread#7"                     [id=20544, stack(0x000000eefa400000,0x000000eefa500000) (1024K)]
Total: 10

Threads with active compile tasks:
Total: 0

VM state: not at safepoint (normal execution)

VM Mutex/Monitor currently owned by a thread: None

Heap address: 0x0000000080000000, size: 2048 MB, Compressed Oops mode: 32-bit

CDS archive(s) mapped at: [0x000002c8d8000000-0x000002c8d8ba0000-0x000002c8d8ba0000), size 12189696, SharedBaseAddress: 0x000002c8d8000000, ArchiveRelocationMode: 1.
Compressed class space mapped at: 0x000002c8d9000000-0x000002c919000000, reserved size: 1073741824
Narrow klass base: 0x000002c8d8000000, Narrow klass shift: 0, Narrow klass range: 0x100000000

GC Precious Log:
 CardTable entry size: 512
 CPUs: 8 total, 8 available
 Memory: 24260M
 Large Page Support: Disabled
 NUMA Support: Disabled
 Compressed Oops: Enabled (32-bit)
 Alignments: Space 512K, Generation 512K, Heap 2M
 Heap Min Capacity: 100M
 Heap Initial Capacity: 100M
 Heap Max Capacity: 2G
 Pre-touch: Disabled
 Parallel Workers: 8

Heap:
 PSYoungGen      total 9728K, used 2533K [0x00000000d5580000, 0x00000000d6000000, 0x0000000100000000)
  eden space 8704K, 24% used [0x00000000d5580000,0x00000000d5791788,0x00000000d5e00000)
  from space 1024K, 40% used [0x00000000d5e00000,0x00000000d5e68000,0x00000000d5f00000)
  to   space 1024K, 0% used [0x00000000d5f00000,0x00000000d5f00000,0x00000000d6000000)
 ParOldGen       total 540160K, used 329999K [0x0000000080000000, 0x00000000a0f80000, 0x00000000d5580000)
  object space 540160K, 61% used [0x0000000080000000,0x0000000094243d70,0x00000000a0f80000)
 Metaspace       used 86402K, committed 88128K, reserved 1179648K
  class space    used 8718K, committed 9472K, reserved 1048576K

Card table byte_map: [0x000002c8d26a0000,0x000002c8d2ab0000] _byte_map_base: 0x000002c8d22a0000

Marking Bits: (ParMarkBitMap*) 0x00007ffcc82b2460
 Begin Bits: [0x000002c8d2d60000, 0x000002c8d4d60000)
 End Bits:   [0x000002c8d4d60000, 0x000002c8d6d60000)

Polling page: 0x000002c8c3490000

Metaspace:

Usage:
  Non-class:     75.86 MB used.
      Class:      8.51 MB used.
       Both:     84.38 MB used.

Virtual space:
  Non-class space:      128.00 MB reserved,      76.81 MB ( 60%) committed,  2 nodes.
      Class space:        1.00 GB reserved,       9.25 MB ( <1%) committed,  1 nodes.
             Both:        1.12 GB reserved,      86.06 MB (  7%) committed. 

Chunk freelists:
   Non-Class:  2.30 MB
       Class:  6.66 MB
        Both:  8.95 MB

MaxMetaspaceSize: unlimited
CompressedClassSpaceSize: 1.00 GB
Initial GC threshold: 21.00 MB
Current GC threshold: 140.94 MB
CDS: on
 - commit_granule_bytes: 65536.
 - commit_granule_words: 8192.
 - virtual_space_node_default_size: 8388608.
 - enlarge_chunks_in_place: 1.
 - use_allocation_guard: 0.


Internal statistics:

num_allocs_failed_limit: 9.
num_arena_births: 1630.
num_arena_deaths: 38.
num_vsnodes_births: 3.
num_vsnodes_deaths: 0.
num_space_committed: 1377.
num_space_uncommitted: 0.
num_chunks_returned_to_freelist: 58.
num_chunks_taken_from_freelist: 5942.
num_chunk_merges: 14.
num_chunk_splits: 3467.
num_chunks_enlarged: 1778.
num_inconsistent_stats: 0.

CodeHeap 'non-profiled nmethods': size=120000Kb used=20293Kb max_used=21413Kb free=99706Kb
 bounds [0x000002c8caf80000, 0x000002c8cc470000, 0x000002c8d24b0000]
CodeHeap 'profiled nmethods': size=120000Kb used=46259Kb max_used=50486Kb free=73740Kb
 bounds [0x000002c8c34b0000, 0x000002c8c6600000, 0x000002c8ca9e0000]
CodeHeap 'non-nmethods': size=5760Kb used=1515Kb max_used=1584Kb free=4244Kb
 bounds [0x000002c8ca9e0000, 0x000002c8cac50000, 0x000002c8caf80000]
CodeCache: size=245760Kb, used=68067Kb, max_used=73483Kb, free=177690Kb
 total_blobs=18677, nmethods=17843, adapters=735, full_count=0
Compilation: enabled, stopped_count=0, restarted_count=0

Compilation events (20 events):
Event: 1362.048 Thread 0x000002c8d7375ec0 22181       3       org.eclipse.jdt.internal.compiler.codegen.CodeStream::if_icmplt (103 bytes)
Event: 1362.048 Thread 0x000002c8d7375ec0 nmethod 22181 0x000002c8c4c16c10 code [0x000002c8c4c16ea0, 0x000002c8c4c17ab0]
Event: 1374.274 Thread 0x000002c8d7375ec0 22182       1       org.eclipse.lsp4j.FileEvent::getUri (5 bytes)
Event: 1374.275 Thread 0x000002c8d7375ec0 nmethod 22182 0x000002c8cb4e0390 code [0x000002c8cb4e0520, 0x000002c8cb4e05e8]
Event: 1374.277 Thread 0x000002c8d7375ec0 22183       3       org.eclipse.core.internal.localstore.UnifiedTree::addChildToTree (18 bytes)
Event: 1374.278 Thread 0x000002c8d7375ec0 nmethod 22183 0x000002c8c48ee310 code [0x000002c8c48ee4e0, 0x000002c8c48ee8a8]
Event: 1374.278 Thread 0x000002c8d7375ec0 22184   !   3       org.eclipse.core.internal.events.BuildCommand::setBuilders (66 bytes)
Event: 1374.278 Thread 0x000002c8d7375ec0 nmethod 22184 0x000002c8c4c4b710 code [0x000002c8c4c4b900, 0x000002c8c4c4c0d8]
Event: 1374.385 Thread 0x000002c8d7375ec0 22185  s    3       org.eclipse.jdt.internal.core.search.processing.JobManager::isJobWaiting (31 bytes)
Event: 1374.385 Thread 0x000002c8d7375ec0 nmethod 22185 0x000002c8c5012d10 code [0x000002c8c5012f40, 0x000002c8c5013818]
Event: 1374.401 Thread 0x000002c8d736f4f0 22186 %     4       org.eclipse.jdt.internal.core.index.DiskIndex::readChunk @ 28 (266 bytes)
Event: 1374.595 Thread 0x000002c8d736f4f0 nmethod 22186% 0x000002c8cb3f1810 code [0x000002c8cb3f1ea0, 0x000002c8cb3f8150]
Event: 1404.382 Thread 0x000002c8d736f4f0 22187       4       org.eclipse.jdt.internal.compiler.codegen.CodeStream::recordPositionsFrom (8 bytes)
Event: 1404.383 Thread 0x000002c8d736f4f0 nmethod 22187 0x000002c8cb4e0090 code [0x000002c8cb4e0220, 0x000002c8cb4e02d8]
Event: 1404.383 Thread 0x000002c8d736f4f0 22188       4       org.eclipse.jdt.internal.compiler.ClassFile::initializeLocals (189 bytes)
Event: 1404.395 Thread 0x000002c8d736f4f0 nmethod 22188 0x000002c8cb4df590 code [0x000002c8cb4df740, 0x000002c8cb4dfd30]
Event: 1404.395 Thread 0x000002c8d736f4f0 22189   !   4       org.eclipse.jdt.core.dom.ExpressionStatement::getExpression (60 bytes)
Event: 1404.396 Thread 0x000002c8d736f4f0 nmethod 22189 0x000002c8cb4df290 code [0x000002c8cb4df420, 0x000002c8cb4df4d0]
Event: 1407.801 Thread 0x000002c8d736f4f0 22190       4       org.eclipse.core.internal.resources.RegexFileInfoMatcher::matches (28 bytes)
Event: 1407.824 Thread 0x000002c8d736f4f0 nmethod 22190 0x000002c8cb4ddf90 code [0x000002c8cb4de1c0, 0x000002c8cb4decb0]

GC Heap History (20 events):
Event: 1356.854 GC heap before
{Heap before GC invocations=2075 (full 5):
 PSYoungGen      total 9216K, used 9216K [0x00000000d5580000, 0x00000000d6100000, 0x0000000100000000)
  eden space 8704K, 100% used [0x00000000d5580000,0x00000000d5e00000,0x00000000d5e00000)
  from space 512K, 100% used [0x00000000d5f80000,0x00000000d6000000,0x00000000d6000000)
  to   space 1024K, 0% used [0x00000000d6000000,0x00000000d6000000,0x00000000d6100000)
 ParOldGen       total 540160K, used 326951K [0x0000000080000000, 0x00000000a0f80000, 0x00000000d5580000)
  object space 540160K, 60% used [0x0000000080000000,0x0000000093f49e68,0x00000000a0f80000)
 Metaspace       used 86245K, committed 88000K, reserved 1179648K
  class space    used 8712K, committed 9472K, reserved 1048576K
}
Event: 1356.857 GC heap after
{Heap after GC invocations=2075 (full 5):
 PSYoungGen      total 9216K, used 384K [0x00000000d5580000, 0x00000000d6080000, 0x0000000100000000)
  eden space 8704K, 0% used [0x00000000d5580000,0x00000000d5580000,0x00000000d5e00000)
  from space 512K, 75% used [0x00000000d6000000,0x00000000d6060000,0x00000000d6080000)
  to   space 1024K, 0% used [0x00000000d5e80000,0x00000000d5e80000,0x00000000d5f80000)
 ParOldGen       total 540160K, used 327497K [0x0000000080000000, 0x00000000a0f80000, 0x00000000d5580000)
  object space 540160K, 60% used [0x0000000080000000,0x0000000093fd2560,0x00000000a0f80000)
 Metaspace       used 86245K, committed 88000K, reserved 1179648K
  class space    used 8712K, committed 9472K, reserved 1048576K
}
Event: 1357.396 GC heap before
{Heap before GC invocations=2076 (full 5):
 PSYoungGen      total 9216K, used 9088K [0x00000000d5580000, 0x00000000d6080000, 0x0000000100000000)
  eden space 8704K, 100% used [0x00000000d5580000,0x00000000d5e00000,0x00000000d5e00000)
  from space 512K, 75% used [0x00000000d6000000,0x00000000d6060000,0x00000000d6080000)
  to   space 1024K, 0% used [0x00000000d5e80000,0x00000000d5e80000,0x00000000d5f80000)
 ParOldGen       total 540160K, used 327497K [0x0000000080000000, 0x00000000a0f80000, 0x00000000d5580000)
  object space 540160K, 60% used [0x0000000080000000,0x0000000093fd2560,0x00000000a0f80000)
 Metaspace       used 86251K, committed 88000K, reserved 1179648K
  class space    used 8712K, committed 9472K, reserved 1048576K
}
Event: 1357.399 GC heap after
{Heap after GC invocations=2076 (full 5):
 PSYoungGen      total 9728K, used 640K [0x00000000d5580000, 0x00000000d6080000, 0x0000000100000000)
  eden space 8704K, 0% used [0x00000000d5580000,0x00000000d5580000,0x00000000d5e00000)
  from space 1024K, 62% used [0x00000000d5e80000,0x00000000d5f20020,0x00000000d5f80000)
  to   space 1024K, 0% used [0x00000000d5f80000,0x00000000d5f80000,0x00000000d6080000)
 ParOldGen       total 540160K, used 327785K [0x0000000080000000, 0x00000000a0f80000, 0x00000000d5580000)
  object space 540160K, 60% used [0x0000000080000000,0x000000009401a560,0x00000000a0f80000)
 Metaspace       used 86251K, committed 88000K, reserved 1179648K
  class space    used 8712K, committed 9472K, reserved 1048576K
}
Event: 1358.279 GC heap before
{Heap before GC invocations=2077 (full 5):
 PSYoungGen      total 9728K, used 9344K [0x00000000d5580000, 0x00000000d6080000, 0x0000000100000000)
  eden space 8704K, 100% used [0x00000000d5580000,0x00000000d5e00000,0x00000000d5e00000)
  from space 1024K, 62% used [0x00000000d5e80000,0x00000000d5f20020,0x00000000d5f80000)
  to   space 1024K, 0% used [0x00000000d5f80000,0x00000000d5f80000,0x00000000d6080000)
 ParOldGen       total 540160K, used 327785K [0x0000000080000000, 0x00000000a0f80000, 0x00000000d5580000)
  object space 540160K, 60% used [0x0000000080000000,0x000000009401a560,0x00000000a0f80000)
 Metaspace       used 86256K, committed 88000K, reserved 1179648K
  class space    used 8712K, committed 9472K, reserved 1048576K
}
Event: 1358.280 GC heap after
{Heap after GC invocations=2077 (full 5):
 PSYoungGen      total 9728K, used 544K [0x00000000d5580000, 0x00000000d6080000, 0x0000000100000000)
  eden space 8704K, 0% used [0x00000000d5580000,0x00000000d5580000,0x00000000d5e00000)
  from space 1024K, 53% used [0x00000000d5f80000,0x00000000d6008000,0x00000000d6080000)
  to   space 1024K, 0% used [0x00000000d5e80000,0x00000000d5e80000,0x00000000d5f80000)
 ParOldGen       total 540160K, used 327889K [0x0000000080000000, 0x00000000a0f80000, 0x00000000d5580000)
  object space 540160K, 60% used [0x0000000080000000,0x0000000094034580,0x00000000a0f80000)
 Metaspace       used 86256K, committed 88000K, reserved 1179648K
  class space    used 8712K, committed 9472K, reserved 1048576K
}
Event: 1358.775 GC heap before
{Heap before GC invocations=2078 (full 5):
 PSYoungGen      total 9728K, used 9248K [0x00000000d5580000, 0x00000000d6080000, 0x0000000100000000)
  eden space 8704K, 100% used [0x00000000d5580000,0x00000000d5e00000,0x00000000d5e00000)
  from space 1024K, 53% used [0x00000000d5f80000,0x00000000d6008000,0x00000000d6080000)
  to   space 1024K, 0% used [0x00000000d5e80000,0x00000000d5e80000,0x00000000d5f80000)
 ParOldGen       total 540160K, used 327889K [0x0000000080000000, 0x00000000a0f80000, 0x00000000d5580000)
  object space 540160K, 60% used [0x0000000080000000,0x0000000094034580,0x00000000a0f80000)
 Metaspace       used 86262K, committed 88000K, reserved 1179648K
  class space    used 8712K, committed 9472K, reserved 1048576K
}
Event: 1358.778 GC heap after
{Heap after GC invocations=2078 (full 5):
 PSYoungGen      total 9728K, used 240K [0x00000000d5580000, 0x00000000d6000000, 0x0000000100000000)
  eden space 8704K, 0% used [0x00000000d5580000,0x00000000d5580000,0x00000000d5e00000)
  from space 1024K, 23% used [0x00000000d5e80000,0x00000000d5ebc010,0x00000000d5f80000)
  to   space 512K, 0% used [0x00000000d5f80000,0x00000000d5f80000,0x00000000d6000000)
 ParOldGen       total 540160K, used 328318K [0x0000000080000000, 0x00000000a0f80000, 0x00000000d5580000)
  object space 540160K, 60% used [0x0000000080000000,0x000000009409fa10,0x00000000a0f80000)
 Metaspace       used 86262K, committed 88000K, reserved 1179648K
  class space    used 8712K, committed 9472K, reserved 1048576K
}
Event: 1359.120 GC heap before
{Heap before GC invocations=2079 (full 5):
 PSYoungGen      total 9728K, used 8944K [0x00000000d5580000, 0x00000000d6000000, 0x0000000100000000)
  eden space 8704K, 100% used [0x00000000d5580000,0x00000000d5e00000,0x00000000d5e00000)
  from space 1024K, 23% used [0x00000000d5e80000,0x00000000d5ebc010,0x00000000d5f80000)
  to   space 512K, 0% used [0x00000000d5f80000,0x00000000d5f80000,0x00000000d6000000)
 ParOldGen       total 540160K, used 328318K [0x0000000080000000, 0x00000000a0f80000, 0x00000000d5580000)
  object space 540160K, 60% used [0x0000000080000000,0x000000009409fa10,0x00000000a0f80000)
 Metaspace       used 86262K, committed 88000K, reserved 1179648K
  class space    used 8712K, committed 9472K, reserved 1048576K
}
Event: 1359.122 GC heap after
{Heap after GC invocations=2079 (full 5):
 PSYoungGen      total 9216K, used 512K [0x00000000d5580000, 0x00000000d6000000, 0x0000000100000000)
  eden space 8704K, 0% used [0x00000000d5580000,0x00000000d5580000,0x00000000d5e00000)
  from space 512K, 100% used [0x00000000d5f80000,0x00000000d6000000,0x00000000d6000000)
  to   space 1024K, 0% used [0x00000000d5e00000,0x00000000d5e00000,0x00000000d5f00000)
 ParOldGen       total 540160K, used 328454K [0x0000000080000000, 0x00000000a0f80000, 0x00000000d5580000)
  object space 540160K, 60% used [0x0000000080000000,0x00000000940c1a10,0x00000000a0f80000)
 Metaspace       used 86262K, committed 88000K, reserved 1179648K
  class space    used 8712K, committed 9472K, reserved 1048576K
}
Event: 1359.364 GC heap before
{Heap before GC invocations=2080 (full 5):
 PSYoungGen      total 9216K, used 9216K [0x00000000d5580000, 0x00000000d6000000, 0x0000000100000000)
  eden space 8704K, 100% used [0x00000000d5580000,0x00000000d5e00000,0x00000000d5e00000)
  from space 512K, 100% used [0x00000000d5f80000,0x00000000d6000000,0x00000000d6000000)
  to   space 1024K, 0% used [0x00000000d5e00000,0x00000000d5e00000,0x00000000d5f00000)
 ParOldGen       total 540160K, used 328454K [0x0000000080000000, 0x00000000a0f80000, 0x00000000d5580000)
  object space 540160K, 60% used [0x0000000080000000,0x00000000940c1a10,0x00000000a0f80000)
 Metaspace       used 86271K, committed 88000K, reserved 1179648K
  class space    used 8712K, committed 9472K, reserved 1048576K
}
Event: 1359.367 GC heap after
{Heap after GC invocations=2080 (full 5):
 PSYoungGen      total 9728K, used 944K [0x00000000d5580000, 0x00000000d6000000, 0x0000000100000000)
  eden space 8704K, 0% used [0x00000000d5580000,0x00000000d5580000,0x00000000d5e00000)
  from space 1024K, 92% used [0x00000000d5e00000,0x00000000d5eec010,0x00000000d5f00000)
  to   space 1024K, 0% used [0x00000000d5f00000,0x00000000d5f00000,0x00000000d6000000)
 ParOldGen       total 540160K, used 328971K [0x0000000080000000, 0x00000000a0f80000, 0x00000000d5580000)
  object space 540160K, 60% used [0x0000000080000000,0x0000000094142e90,0x00000000a0f80000)
 Metaspace       used 86271K, committed 88000K, reserved 1179648K
  class space    used 8712K, committed 9472K, reserved 1048576K
}
Event: 1360.075 GC heap before
{Heap before GC invocations=2081 (full 5):
 PSYoungGen      total 9728K, used 9648K [0x00000000d5580000, 0x00000000d6000000, 0x0000000100000000)
  eden space 8704K, 100% used [0x00000000d5580000,0x00000000d5e00000,0x00000000d5e00000)
  from space 1024K, 92% used [0x00000000d5e00000,0x00000000d5eec010,0x00000000d5f00000)
  to   space 1024K, 0% used [0x00000000d5f00000,0x00000000d5f00000,0x00000000d6000000)
 ParOldGen       total 540160K, used 328971K [0x0000000080000000, 0x00000000a0f80000, 0x00000000d5580000)
  object space 540160K, 60% used [0x0000000080000000,0x0000000094142e90,0x00000000a0f80000)
 Metaspace       used 86292K, committed 88000K, reserved 1179648K
  class space    used 8712K, committed 9472K, reserved 1048576K
}
Event: 1360.078 GC heap after
{Heap after GC invocations=2081 (full 5):
 PSYoungGen      total 9728K, used 352K [0x00000000d5580000, 0x00000000d6000000, 0x0000000100000000)
  eden space 8704K, 0% used [0x00000000d5580000,0x00000000d5580000,0x00000000d5e00000)
  from space 1024K, 34% used [0x00000000d5f00000,0x00000000d5f58000,0x00000000d6000000)
  to   space 1024K, 0% used [0x00000000d5e00000,0x00000000d5e00000,0x00000000d5f00000)
 ParOldGen       total 540160K, used 329418K [0x0000000080000000, 0x00000000a0f80000, 0x00000000d5580000)
  object space 540160K, 60% used [0x0000000080000000,0x00000000941b28e0,0x00000000a0f80000)
 Metaspace       used 86292K, committed 88000K, reserved 1179648K
  class space    used 8712K, committed 9472K, reserved 1048576K
}
Event: 1360.705 GC heap before
{Heap before GC invocations=2082 (full 5):
 PSYoungGen      total 9728K, used 9056K [0x00000000d5580000, 0x00000000d6000000, 0x0000000100000000)
  eden space 8704K, 100% used [0x00000000d5580000,0x00000000d5e00000,0x00000000d5e00000)
  from space 1024K, 34% used [0x00000000d5f00000,0x00000000d5f58000,0x00000000d6000000)
  to   space 1024K, 0% used [0x00000000d5e00000,0x00000000d5e00000,0x00000000d5f00000)
 ParOldGen       total 540160K, used 329418K [0x0000000080000000, 0x00000000a0f80000, 0x00000000d5580000)
  object space 540160K, 60% used [0x0000000080000000,0x00000000941b28e0,0x00000000a0f80000)
 Metaspace       used 86308K, committed 88000K, reserved 1179648K
  class space    used 8712K, committed 9472K, reserved 1048576K
}
Event: 1360.706 GC heap after
{Heap after GC invocations=2082 (full 5):
 PSYoungGen      total 9728K, used 512K [0x00000000d5580000, 0x00000000d6000000, 0x0000000100000000)
  eden space 8704K, 0% used [0x00000000d5580000,0x00000000d5580000,0x00000000d5e00000)
  from space 1024K, 50% used [0x00000000d5e00000,0x00000000d5e80000,0x00000000d5f00000)
  to   space 1024K, 0% used [0x00000000d5f00000,0x00000000d5f00000,0x00000000d6000000)
 ParOldGen       total 540160K, used 329474K [0x0000000080000000, 0x00000000a0f80000, 0x00000000d5580000)
  object space 540160K, 60% used [0x0000000080000000,0x00000000941c08e0,0x00000000a0f80000)
 Metaspace       used 86308K, committed 88000K, reserved 1179648K
  class space    used 8712K, committed 9472K, reserved 1048576K
}
Event: 1361.380 GC heap before
{Heap before GC invocations=2083 (full 5):
 PSYoungGen      total 9728K, used 9216K [0x00000000d5580000, 0x00000000d6000000, 0x0000000100000000)
  eden space 8704K, 100% used [0x00000000d5580000,0x00000000d5e00000,0x00000000d5e00000)
  from space 1024K, 50% used [0x00000000d5e00000,0x00000000d5e80000,0x00000000d5f00000)
  to   space 1024K, 0% used [0x00000000d5f00000,0x00000000d5f00000,0x00000000d6000000)
 ParOldGen       total 540160K, used 329474K [0x0000000080000000, 0x00000000a0f80000, 0x00000000d5580000)
  object space 540160K, 60% used [0x0000000080000000,0x00000000941c08e0,0x00000000a0f80000)
 Metaspace       used 86366K, committed 88064K, reserved 1179648K
  class space    used 8717K, committed 9472K, reserved 1048576K
}
Event: 1361.383 GC heap after
{Heap after GC invocations=2083 (full 5):
 PSYoungGen      total 9728K, used 704K [0x00000000d5580000, 0x00000000d6000000, 0x0000000100000000)
  eden space 8704K, 0% used [0x00000000d5580000,0x00000000d5580000,0x00000000d5e00000)
  from space 1024K, 68% used [0x00000000d5f00000,0x00000000d5fb0000,0x00000000d6000000)
  to   space 1024K, 0% used [0x00000000d5e00000,0x00000000d5e00000,0x00000000d5f00000)
 ParOldGen       total 540160K, used 329554K [0x0000000080000000, 0x00000000a0f80000, 0x00000000d5580000)
  object space 540160K, 61% used [0x0000000080000000,0x00000000941d48e0,0x00000000a0f80000)
 Metaspace       used 86366K, committed 88064K, reserved 1179648K
  class space    used 8717K, committed 9472K, reserved 1048576K
}
Event: 1404.361 GC heap before
{Heap before GC invocations=2084 (full 5):
 PSYoungGen      total 9728K, used 9407K [0x00000000d5580000, 0x00000000d6000000, 0x0000000100000000)
  eden space 8704K, 99% used [0x00000000d5580000,0x00000000d5dfffa8,0x00000000d5e00000)
  from space 1024K, 68% used [0x00000000d5f00000,0x00000000d5fb0000,0x00000000d6000000)
  to   space 1024K, 0% used [0x00000000d5e00000,0x00000000d5e00000,0x00000000d5f00000)
 ParOldGen       total 540160K, used 329554K [0x0000000080000000, 0x00000000a0f80000, 0x00000000d5580000)
  object space 540160K, 61% used [0x0000000080000000,0x00000000941d48e0,0x00000000a0f80000)
 Metaspace       used 86402K, committed 88128K, reserved 1179648K
  class space    used 8718K, committed 9472K, reserved 1048576K
}
Event: 1404.371 GC heap after
{Heap after GC invocations=2084 (full 5):
 PSYoungGen      total 9728K, used 416K [0x00000000d5580000, 0x00000000d6000000, 0x0000000100000000)
  eden space 8704K, 0% used [0x00000000d5580000,0x00000000d5580000,0x00000000d5e00000)
  from space 1024K, 40% used [0x00000000d5e00000,0x00000000d5e68000,0x00000000d5f00000)
  to   space 1024K, 0% used [0x00000000d5f00000,0x00000000d5f00000,0x00000000d6000000)
 ParOldGen       total 540160K, used 329999K [0x0000000080000000, 0x00000000a0f80000, 0x00000000d5580000)
  object space 540160K, 61% used [0x0000000080000000,0x0000000094243d70,0x00000000a0f80000)
 Metaspace       used 86402K, committed 88128K, reserved 1179648K
  class space    used 8718K, committed 9472K, reserved 1048576K
}

Dll operation events (12 events):
Event: 0.249 Loaded shared library c:\Users\Rushikesh\.vscode\extensions\redhat.java-1.49.0-win32-x64\jre\21.0.9-win32-x86_64\bin\java.dll
Event: 0.398 Loaded shared library c:\Users\Rushikesh\.vscode\extensions\redhat.java-1.49.0-win32-x64\jre\21.0.9-win32-x86_64\bin\zip.dll
Event: 0.486 Loaded shared library C:\Users\Rushikesh\.vscode\extensions\redhat.java-1.49.0-win32-x64\jre\21.0.9-win32-x86_64\bin\instrument.dll
Event: 0.545 Loaded shared library C:\Users\Rushikesh\.vscode\extensions\redhat.java-1.49.0-win32-x64\jre\21.0.9-win32-x86_64\bin\net.dll
Event: 0.599 Loaded shared library C:\Users\Rushikesh\.vscode\extensions\redhat.java-1.49.0-win32-x64\jre\21.0.9-win32-x86_64\bin\nio.dll
Event: 0.603 Loaded shared library C:\Users\Rushikesh\.vscode\extensions\redhat.java-1.49.0-win32-x64\jre\21.0.9-win32-x86_64\bin\zip.dll
Event: 0.628 Loaded shared library C:\Users\Rushikesh\.vscode\extensions\redhat.java-1.49.0-win32-x64\jre\21.0.9-win32-x86_64\bin\jimage.dll
Event: 0.768 Loaded shared library c:\Users\Rushikesh\.vscode\extensions\redhat.java-1.49.0-win32-x64\jre\21.0.9-win32-x86_64\bin\verify.dll
Event: 8.185 Loaded shared library C:\Users\Rushikesh\AppData\Roaming\Code\User\globalStorage\redhat.java\1.49.0\config_win\org.eclipse.equinox.launcher\org.eclipse.equinox.launcher.win32.win32.x86_64_1.2.1400.v20250801-0854\eclipse_11916.dll
Event: 17.839 Loaded shared library C:\Users\Rushikesh\AppData\Local\Temp\jna-1924366368\jna6795018604290681248.dll
Event: 20.430 Loaded shared library C:\Users\Rushikesh\.vscode\extensions\redhat.java-1.49.0-win32-x64\jre\21.0.9-win32-x86_64\bin\sunmscapi.dll
Event: 20.652 Loaded shared library C:\Users\Rushikesh\.vscode\extensions\redhat.java-1.49.0-win32-x64\jre\21.0.9-win32-x86_64\bin\extnet.dll

Deoptimization events (20 events):
Event: 1360.900 Thread 0x000002c91f57a660 Uncommon trap: trap_request=0xffffffc6 fr.pc=0x000002c8cb60a358 relative=0x0000000000000998
Event: 1360.900 Thread 0x000002c91f57a660 Uncommon trap: reason=bimorphic_or_optimized_type_check action=maybe_recompile pc=0x000002c8cb60a358 method=java.util.Hashtable.putAll(Ljava/util/Map;)V @ 22 c2
Event: 1360.900 Thread 0x000002c91f57a660 DEOPT PACKING pc=0x000002c8cb60a358 sp=0x000000eefa8fecb0
Event: 1360.900 Thread 0x000002c91f57a660 DEOPT UNPACKING pc=0x000002c8caa33aa2 sp=0x000000eefa8fec80 mode 2
Event: 1374.274 Thread 0x000002c91f5757a0 Uncommon trap: trap_request=0xffffff45 fr.pc=0x000002c8cc0236d4 relative=0x0000000000000114
Event: 1374.274 Thread 0x000002c91f5757a0 Uncommon trap: reason=unstable_if action=reinterpret pc=0x000002c8cc0236d4 method=org.eclipse.core.internal.resources.Resource.isHidden(I)Z @ 15 c2
Event: 1374.274 Thread 0x000002c91f5757a0 DEOPT PACKING pc=0x000002c8cc0236d4 sp=0x000000eefb9fefb0
Event: 1374.274 Thread 0x000002c91f5757a0 DEOPT UNPACKING pc=0x000002c8caa33aa2 sp=0x000000eefb9fef28 mode 2
Event: 1374.274 Thread 0x000002c91f5757a0 Uncommon trap: trap_request=0xffffff45 fr.pc=0x000002c8cc11d8ec relative=0x000000000000116c
Event: 1374.274 Thread 0x000002c91f5757a0 Uncommon trap: reason=unstable_if action=reinterpret pc=0x000002c8cc11d8ec method=org.eclipse.core.internal.resources.Resource.isTeamPrivateMember(I)Z @ 15 c2
Event: 1374.274 Thread 0x000002c91f5757a0 DEOPT PACKING pc=0x000002c8cc11d8ec sp=0x000000eefb9fef60
Event: 1374.274 Thread 0x000002c91f5757a0 DEOPT UNPACKING pc=0x000002c8caa33aa2 sp=0x000000eefb9fef28 mode 2
Event: 1374.276 Thread 0x000002c91f5757a0 Uncommon trap: trap_request=0xffffff45 fr.pc=0x000002c8cbfddd70 relative=0x0000000000001ef0
Event: 1374.277 Thread 0x000002c91f5757a0 Uncommon trap: reason=unstable_if action=reinterpret pc=0x000002c8cbfddd70 method=org.eclipse.core.internal.resources.Filter.match(Lorg/eclipse/core/resources/IContainer;Lorg/eclipse/core/filesystem/IFileInfo;)Z @ 4 c2
Event: 1374.277 Thread 0x000002c91f5757a0 DEOPT PACKING pc=0x000002c8cbfddd70 sp=0x000000eefb9feb70
Event: 1374.277 Thread 0x000002c91f5757a0 DEOPT UNPACKING pc=0x000002c8caa33aa2 sp=0x000000eefb9fead8 mode 2
Event: 1374.292 Thread 0x000002c91f5757a0 Uncommon trap: trap_request=0xffffff45 fr.pc=0x000002c8cbfe5468 relative=0x0000000000001548
Event: 1374.292 Thread 0x000002c91f5757a0 Uncommon trap: reason=unstable_if action=reinterpret pc=0x000002c8cbfe5468 method=org.eclipse.core.internal.resources.Filter.match(Lorg/eclipse/core/resources/IContainer;Lorg/eclipse/core/filesystem/IFileInfo;)Z @ 4 c2
Event: 1374.293 Thread 0x000002c91f5757a0 DEOPT PACKING pc=0x000002c8cbfe5468 sp=0x000000eefb9feae0
Event: 1374.293 Thread 0x000002c91f5757a0 DEOPT UNPACKING pc=0x000002c8caa33aa2 sp=0x000000eefb9fead0 mode 2

Classes loaded (20 events):
Event: 318.686 Loading class java/util/stream/Nodes$ToArrayTask$OfRef
Event: 318.687 Loading class java/util/stream/Nodes$ToArrayTask
Event: 318.687 Loading class java/util/stream/Nodes$ToArrayTask done
Event: 318.687 Loading class java/util/stream/Nodes$ToArrayTask$OfRef done
Event: 318.688 Loading class java/io/ObjectOutputStream$BlockDataOutputStream
Event: 318.689 Loading class java/io/ObjectOutputStream$BlockDataOutputStream done
Event: 318.689 Loading class java/io/ObjectOutputStream$HandleTable
Event: 318.689 Loading class java/io/ObjectOutputStream$HandleTable done
Event: 318.689 Loading class java/io/ObjectOutputStream$ReplaceTable
Event: 318.690 Loading class java/io/ObjectOutputStream$ReplaceTable done
Event: 481.871 Loading class jdk/internal/icu/text/NormalizerBase$NFCModeImpl
Event: 481.871 Loading class jdk/internal/icu/text/NormalizerBase$NFCModeImpl done
Event: 481.871 Loading class jdk/internal/icu/impl/Norm2AllModes$NFCSingleton
Event: 481.871 Loading class jdk/internal/icu/impl/Norm2AllModes$NFCSingleton done
Event: 481.889 Loading class java/nio/StringCharBuffer
Event: 481.890 Loading class java/nio/StringCharBuffer done
Event: 518.773 Loading class java/lang/Throwable$WrappedPrintWriter
Event: 518.773 Loading class java/lang/Throwable$PrintStreamOrWriter
Event: 518.774 Loading class java/lang/Throwable$PrintStreamOrWriter done
Event: 518.774 Loading class java/lang/Throwable$WrappedPrintWriter done

Classes unloaded (19 events):
Event: 18.412 Thread 0x000002c8d7351a60 Unloading class 0x000002c8d91b8c00 'java/lang/invoke/LambdaForm$MH+0x000002c8d91b8c00'
Event: 18.412 Thread 0x000002c8d7351a60 Unloading class 0x000002c8d91b8800 'java/lang/invoke/LambdaForm$MH+0x000002c8d91b8800'
Event: 18.412 Thread 0x000002c8d7351a60 Unloading class 0x000002c8d91b8400 'java/lang/invoke/LambdaForm$MH+0x000002c8d91b8400'
Event: 18.412 Thread 0x000002c8d7351a60 Unloading class 0x000002c8d91b8000 'java/lang/invoke/LambdaForm$MH+0x000002c8d91b8000'
Event: 18.412 Thread 0x000002c8d7351a60 Unloading class 0x000002c8d91b7c00 'java/lang/invoke/LambdaForm$BMH+0x000002c8d91b7c00'
Event: 18.412 Thread 0x000002c8d7351a60 Unloading class 0x000002c8d91b7800 'java/lang/invoke/LambdaForm$DMH+0x000002c8d91b7800'
Event: 18.412 Thread 0x000002c8d7351a60 Unloading class 0x000002c8d91b6800 'java/lang/invoke/LambdaForm$DMH+0x000002c8d91b6800'
Event: 19.860 Thread 0x000002c8d7351a60 Unloading class 0x000002c8d9390000 'java/lang/invoke/LambdaForm$MH+0x000002c8d9390000'
Event: 19.860 Thread 0x000002c8d7351a60 Unloading class 0x000002c8d938f400 'java/lang/invoke/LambdaForm$MH+0x000002c8d938f400'
Event: 19.860 Thread 0x000002c8d7351a60 Unloading class 0x000002c8d938ec00 'java/lang/invoke/LambdaForm$MH+0x000002c8d938ec00'
Event: 19.860 Thread 0x000002c8d7351a60 Unloading class 0x000002c8d938e400 'java/lang/invoke/LambdaForm$MH+0x000002c8d938e400'
Event: 19.860 Thread 0x000002c8d7351a60 Unloading class 0x000002c8d938e000 'java/lang/invoke/LambdaForm$DMH+0x000002c8d938e000'
Event: 19.860 Thread 0x000002c8d7351a60 Unloading class 0x000002c8d938d400 'java/lang/invoke/LambdaForm$MH+0x000002c8d938d400'
Event: 19.860 Thread 0x000002c8d7351a60 Unloading class 0x000002c8d9389400 'java/lang/invoke/LambdaForm$MH+0x000002c8d9389400'
Event: 19.860 Thread 0x000002c8d7351a60 Unloading class 0x000002c8d9388c00 'java/lang/invoke/LambdaForm$MH+0x000002c8d9388c00'
Event: 19.860 Thread 0x000002c8d7351a60 Unloading class 0x000002c8d9388400 'java/lang/invoke/LambdaForm$MH+0x000002c8d9388400'
Event: 19.860 Thread 0x000002c8d7351a60 Unloading class 0x000002c8d9383c00 'java/lang/invoke/LambdaForm$MH+0x000002c8d9383c00'
Event: 19.860 Thread 0x000002c8d7351a60 Unloading class 0x000002c8d9383400 'java/lang/invoke/LambdaForm$MH+0x000002c8d9383400'
Event: 19.860 Thread 0x000002c8d7351a60 Unloading class 0x000002c8d9382c00 'java/lang/invoke/LambdaForm$MH+0x000002c8d9382c00'

Classes redefined (0 events):
No events

Internal exceptions (20 events):
Event: 1356.799 Thread 0x000002c91e699780 Exception <a 'java/lang/ClassNotFoundException'{0x00000000d591d910}: sun/net/www/protocol/jdt/Handler> (0x00000000d591d910) 
thrown [s\src\hotspot\share\classfile\systemDictionary.cpp, line 312]
Event: 1356.799 Thread 0x000002c91e699780 Exception <a 'java/lang/ClassNotFoundException'{0x00000000d591fb80}: sun/net/www/protocol/jdt/Handler> (0x00000000d591fb80) 
thrown [s\src\hotspot\share\classfile\systemDictionary.cpp, line 312]
Event: 1356.799 Thread 0x000002c91e699780 Exception <a 'java/lang/ClassNotFoundException'{0x00000000d5921df0}: sun/net/www/protocol/jdt/Handler> (0x00000000d5921df0) 
thrown [s\src\hotspot\share\classfile\systemDictionary.cpp, line 312]
Event: 1356.806 Thread 0x000002c91f5736d0 Exception <a 'java/lang/ArrayIndexOutOfBoundsException'{0x00000000d5b84ab8}> (0x00000000d5b84ab8) 
thrown [s\src\hotspot\share\runtime\sharedRuntime.cpp, line 625]
Event: 1356.838 Thread 0x000002c91e699780 Exception <a 'java/lang/ClassNotFoundException'{0x00000000d5c27b58}: sun/net/www/protocol/jdt/Handler> (0x00000000d5c27b58) 
thrown [s\src\hotspot\share\classfile\systemDictionary.cpp, line 312]
Event: 1356.838 Thread 0x000002c91e699780 Exception <a 'java/lang/ClassNotFoundException'{0x00000000d5c29a70}: sun/net/www/protocol/jdt/Handler> (0x00000000d5c29a70) 
thrown [s\src\hotspot\share\classfile\systemDictionary.cpp, line 312]
Event: 1356.858 Thread 0x000002c91e699780 Exception <a 'java/lang/ClassNotFoundException'{0x00000000d55cb5b0}: sun/net/www/protocol/jdt/Handler> (0x00000000d55cb5b0) 
thrown [s\src\hotspot\share\classfile\systemDictionary.cpp, line 312]
Event: 1356.858 Thread 0x000002c91e699780 Exception <a 'java/lang/ClassNotFoundException'{0x00000000d55cd730}: sun/net/www/protocol/jdt/Handler> (0x00000000d55cd730) 
thrown [s\src\hotspot\share\classfile\systemDictionary.cpp, line 312]
Event: 1358.042 Thread 0x000002c91f575110 Exception <a 'java/lang/ArrayIndexOutOfBoundsException'{0x00000000d5b611a8}> (0x00000000d5b611a8) 
thrown [s\src\hotspot\share\runtime\sharedRuntime.cpp, line 625]
Event: 1358.046 Thread 0x000002c91f575110 Exception <a 'java/lang/ArrayIndexOutOfBoundsException'{0x00000000d5c9ee90}> (0x00000000d5c9ee90) 
thrown [s\src\hotspot\share\runtime\sharedRuntime.cpp, line 625]
Event: 1359.059 Thread 0x000002c91ebc50d0 Exception <a 'sun/nio/fs/WindowsException'{0x00000000d56f96d0}> (0x00000000d56f96d0) 
thrown [s\src\hotspot\share\prims\jni.cpp, line 520]
Event: 1359.086 Thread 0x000002c91ebc50d0 Exception <a 'sun/nio/fs/WindowsException'{0x00000000d5764df8}> (0x00000000d5764df8) 
thrown [s\src\hotspot\share\prims\jni.cpp, line 520]
Event: 1359.104 Thread 0x000002c91f5736d0 Exception <a 'java/lang/ArrayIndexOutOfBoundsException'{0x00000000d57def48}> (0x00000000d57def48) 
thrown [s\src\hotspot\share\runtime\sharedRuntime.cpp, line 625]
Event: 1359.107 Thread 0x000002c91f5736d0 Exception <a 'java/lang/ArrayIndexOutOfBoundsException'{0x00000000d58c5ee8}> (0x00000000d58c5ee8) 
thrown [s\src\hotspot\share\runtime\sharedRuntime.cpp, line 625]
Event: 1359.206 Thread 0x000002c91f57a660 Exception <a 'java/lang/ArrayIndexOutOfBoundsException'{0x00000000d58dd1e0}> (0x00000000d58dd1e0) 
thrown [s\src\hotspot\share\runtime\sharedRuntime.cpp, line 625]
Event: 1359.209 Thread 0x000002c91f57a660 Exception <a 'java/lang/ArrayIndexOutOfBoundsException'{0x00000000d59f2c30}> (0x00000000d59f2c30) 
thrown [s\src\hotspot\share\runtime\sharedRuntime.cpp, line 625]
Event: 1360.894 Thread 0x000002c91f5736d0 Exception <a 'java/lang/IncompatibleClassChangeError'{0x00000000d56e7408}: Found class java.lang.Object, but interface was expected> (0x00000000d56e7408) 
thrown [s\src\hotspot\share\interpreter\linkResolver.cpp, line 840]
Event: 1374.274 Thread 0x000002c91f5757a0 Implicit null exception at 0x000002c8cc11c7f0 to 0x000002c8cc11d8dc
Event: 1374.301 Thread 0x000002c91ebc50d0 Exception <a 'sun/nio/fs/WindowsException'{0x00000000d5c48950}> (0x00000000d5c48950) 
thrown [s\src\hotspot\share\prims\jni.cpp, line 520]
Event: 1374.321 Thread 0x000002c91ebc50d0 Exception <a 'sun/nio/fs/WindowsException'{0x00000000d5c63c00}> (0x00000000d5c63c00) 
thrown [s\src\hotspot\share\prims\jni.cpp, line 520]

ZGC Phase Switch (0 events):
No events

VM Operations (20 events):
Event: 1362.383 Executing VM operation: Cleanup
Event: 1362.383 Executing VM operation: Cleanup done
Event: 1374.360 Executing VM operation: HandshakeAllThreads (Deoptimize)
Event: 1374.360 Executing VM operation: HandshakeAllThreads (Deoptimize) done
Event: 1374.360 Executing VM operation: Cleanup
Event: 1374.360 Executing VM operation: Cleanup done
Event: 1374.364 Executing VM operation: HandshakeAllThreads (Deoptimize)
Event: 1374.364 Executing VM operation: HandshakeAllThreads (Deoptimize) done
Event: 1382.935 Executing VM operation: HandshakeAllThreads (HandshakeForDeflation)
Event: 1382.936 Executing VM operation: HandshakeAllThreads (HandshakeForDeflation) done
Event: 1382.936 Executing VM operation: RendezvousGCThreads
Event: 1382.936 Executing VM operation: RendezvousGCThreads done
Event: 1404.361 Executing VM operation: ParallelGCFailedAllocation (Allocation Failure)
Event: 1404.371 Executing VM operation: ParallelGCFailedAllocation (Allocation Failure) done
Event: 1405.379 Executing VM operation: Cleanup
Event: 1405.379 Executing VM operation: Cleanup done
Event: 1443.026 Executing VM operation: HandshakeAllThreads (HandshakeForDeflation)
Event: 1443.027 Executing VM operation: HandshakeAllThreads (HandshakeForDeflation) done
Event: 1443.027 Executing VM operation: RendezvousGCThreads
Event: 1443.027 Executing VM operation: RendezvousGCThreads done

Memory protections (0 events):
No events

Nmethod flushes (20 events):
Event: 545.890 Thread 0x000002c8d7351a60 flushing  nmethod 0x000002c8c5763110
Event: 545.890 Thread 0x000002c8d7351a60 flushing  nmethod 0x000002c8c576ce10
Event: 545.890 Thread 0x000002c8d7351a60 flushing  nmethod 0x000002c8c5775a90
Event: 545.890 Thread 0x000002c8d7351a60 flushing  nmethod 0x000002c8c5786590
Event: 545.890 Thread 0x000002c8d7351a60 flushing  nmethod 0x000002c8c5791110
Event: 545.890 Thread 0x000002c8d7351a60 flushing  nmethod 0x000002c8c5798590
Event: 545.890 Thread 0x000002c8d7351a60 flushing  nmethod 0x000002c8c5798910
Event: 545.890 Thread 0x000002c8d7351a60 flushing  nmethod 0x000002c8c57bbf90
Event: 545.890 Thread 0x000002c8d7351a60 flushing  nmethod 0x000002c8c57bcc90
Event: 545.890 Thread 0x000002c8d7351a60 flushing  nmethod 0x000002c8c57bf210
Event: 545.890 Thread 0x000002c8d7351a60 flushing  nmethod 0x000002c8c57c3510
Event: 545.890 Thread 0x000002c8d7351a60 flushing  nmethod 0x000002c8c57c4290
Event: 545.890 Thread 0x000002c8d7351a60 flushing  nmethod 0x000002c8c57c6890
Event: 545.890 Thread 0x000002c8d7351a60 flushing  nmethod 0x000002c8c57c6d90
Event: 545.890 Thread 0x000002c8d7351a60 flushing  nmethod 0x000002c8c57c7690
Event: 545.890 Thread 0x000002c8d7351a60 flushing  nmethod 0x000002c8c57c8810
Event: 545.890 Thread 0x000002c8d7351a60 flushing  nmethod 0x000002c8c57c9290
Event: 545.890 Thread 0x000002c8d7351a60 flushing  nmethod 0x000002c8c57d8690
Event: 545.890 Thread 0x000002c8d7351a60 flushing osr nmethod 0x000002c8c57e1110
Event: 545.890 Thread 0x000002c8d7351a60 flushing  nmethod 0x000002c8c581a110

Events (20 events):
Event: 1299.515 Thread 0x000002c91f574a80 Thread added: 0x000002c91f577870
Event: 1299.563 Thread 0x000002c91e5f2720 Thread added: 0x000002c91f577f00
Event: 1304.765 Thread 0x000002c91f5771e0 Thread added: 0x000002c91f57a660
Event: 1304.765 Thread 0x000002c91f575110 Thread added: 0x000002c91f578c20
Event: 1304.765 Thread 0x000002c91f5743f0 Thread added: 0x000002c91f578590
Event: 1306.717 Thread 0x000002c91f574a80 Thread added: 0x000002c91f5792b0
Event: 1308.890 Thread 0x000002c91e5f2720 Thread added: 0x000002c91f579940
Event: 1311.754 Thread 0x000002c91e5f2720 Thread added: 0x000002c91e697d40
Event: 1313.264 Thread 0x000002c91f574a80 Thread added: 0x000002c91e696990
Event: 1316.998 Thread 0x000002c91f574a80 Thread added: 0x000002c91e696300
Event: 1333.998 Thread 0x000002c91f578590 Thread added: 0x000002c91e6983d0
Event: 1350.255 Thread 0x000002c8d736f4f0 Thread added: 0x000002c91f834de0
Event: 1350.572 Thread 0x000002c91f834de0 Thread exited: 0x000002c91f834de0
Event: 1355.837 Thread 0x000002c91f5736d0 Thread added: 0x000002c91e699780
Event: 1356.809 Thread 0x000002c8d7375ec0 Thread added: 0x000002c91f8376c0
Event: 1357.301 Thread 0x000002c91f8376c0 Thread exited: 0x000002c91f8376c0
Event: 1415.867 Thread 0x000002c91f573d60 Thread exited: 0x000002c91f573d60
Event: 1416.861 Thread 0x000002c91e699780 Thread exited: 0x000002c91e699780
Event: 1421.249 Thread 0x000002c91f577870 Thread exited: 0x000002c91f577870
Event: 1434.411 Thread 0x000002c91f574a80 Thread exited: 0x000002c91f574a80


Dynamic libraries:
0x00007ff7686a0000 - 0x00007ff7686ae000 	c:\Users\Rushikesh\.vscode\extensions\redhat.java-1.49.0-win32-x64\jre\21.0.9-win32-x86_64\bin\java.exe
0x00007ffd55320000 - 0x00007ffd55588000 	C:\Windows\SYSTEM32\ntdll.dll
0x00007ffd545e0000 - 0x00007ffd546a9000 	C:\Windows\System32\KERNEL32.DLL
0x00007ffd527d0000 - 0x00007ffd52bc8000 	C:\Windows\System32\KERNELBASE.dll
0x00007ffd52c60000 - 0x00007ffd52dab000 	C:\Windows\System32\ucrtbase.dll
0x00007ffd2b7c0000 - 0x00007ffd2b7d8000 	c:\Users\Rushikesh\.vscode\extensions\redhat.java-1.49.0-win32-x64\jre\21.0.9-win32-x86_64\bin\jli.dll
0x00007ffd45df0000 - 0x00007ffd45e0e000 	c:\Users\Rushikesh\.vscode\extensions\redhat.java-1.49.0-win32-x64\jre\21.0.9-win32-x86_64\bin\VCRUNTIME140.dll
0x00007ffd533c0000 - 0x00007ffd53587000 	C:\Windows\System32\USER32.dll
0x00007ffd366a0000 - 0x00007ffd36934000 	C:\Windows\WinSxS\amd64_microsoft.windows.common-controls_6595b64144ccf1df_6.0.26100.7019_none_3e06ffa0e335b8a8\COMCTL32.dll
0x00007ffd53090000 - 0x00007ffd530b7000 	C:\Windows\System32\win32u.dll
0x00007ffd548d0000 - 0x00007ffd548fb000 	C:\Windows\System32\GDI32.dll
0x00007ffd530c0000 - 0x00007ffd53169000 	C:\Windows\System32\msvcrt.dll
0x00007ffd52470000 - 0x00007ffd5259c000 	C:\Windows\System32\gdi32full.dll
0x00007ffd525a0000 - 0x00007ffd52643000 	C:\Windows\System32\msvcp_win.dll
0x00007ffd53380000 - 0x00007ffd533b1000 	C:\Windows\System32\IMM32.DLL
0x00007ffd2b820000 - 0x00007ffd2b82c000 	c:\Users\Rushikesh\.vscode\extensions\redhat.java-1.49.0-win32-x64\jre\21.0.9-win32-x86_64\bin\vcruntime140_1.dll
0x00007ffcf7be0000 - 0x00007ffcf7c6d000 	c:\Users\Rushikesh\.vscode\extensions\redhat.java-1.49.0-win32-x64\jre\21.0.9-win32-x86_64\bin\msvcp140.dll
0x00007ffcc75f0000 - 0x00007ffcc8390000 	c:\Users\Rushikesh\.vscode\extensions\redhat.java-1.49.0-win32-x64\jre\21.0.9-win32-x86_64\bin\server\jvm.dll
0x00007ffd55120000 - 0x00007ffd551d4000 	C:\Windows\System32\ADVAPI32.dll
0x00007ffd54910000 - 0x00007ffd549b6000 	C:\Windows\System32\sechost.dll
0x00007ffd546b0000 - 0x00007ffd547c8000 	C:\Windows\System32\RPCRT4.dll
0x00007ffd53e70000 - 0x00007ffd53ee4000 	C:\Windows\System32\WS2_32.dll
0x00007ffd52130000 - 0x00007ffd5218e000 	C:\Windows\SYSTEM32\POWRPROF.dll
0x00007ffd45090000 - 0x00007ffd450c5000 	C:\Windows\SYSTEM32\WINMM.dll
0x00007ffd4b140000 - 0x00007ffd4b14b000 	C:\Windows\SYSTEM32\VERSION.dll
0x00007ffd52110000 - 0x00007ffd52124000 	C:\Windows\SYSTEM32\UMPDC.dll
0x00007ffd51230000 - 0x00007ffd5124b000 	C:\Windows\SYSTEM32\kernel.appcore.dll
0x00007ffd25550000 - 0x00007ffd2555a000 	c:\Users\Rushikesh\.vscode\extensions\redhat.java-1.49.0-win32-x64\jre\21.0.9-win32-x86_64\bin\jimage.dll
0x00007ffd4fab0000 - 0x00007ffd4fcf2000 	C:\Windows\SYSTEM32\DBGHELP.DLL
0x00007ffd53a70000 - 0x00007ffd53dfb000 	C:\Windows\System32\combase.dll
0x00007ffd53640000 - 0x00007ffd53717000 	C:\Windows\System32\OLEAUT32.dll
0x00007ffd33420000 - 0x00007ffd3345c000 	C:\Windows\SYSTEM32\dbgcore.DLL
0x00007ffd52db0000 - 0x00007ffd52e55000 	C:\Windows\System32\bcryptPrimitives.dll
0x00007ffd24ef0000 - 0x00007ffd24eff000 	c:\Users\Rushikesh\.vscode\extensions\redhat.java-1.49.0-win32-x64\jre\21.0.9-win32-x86_64\bin\instrument.dll
0x00007ffd20fa0000 - 0x00007ffd20fc0000 	c:\Users\Rushikesh\.vscode\extensions\redhat.java-1.49.0-win32-x64\jre\21.0.9-win32-x86_64\bin\java.dll
0x00007ffd549c0000 - 0x00007ffd5510f000 	C:\Windows\System32\SHELL32.dll
0x00007ffd52f20000 - 0x00007ffd5308b000 	C:\Windows\System32\wintypes.dll
0x00007ffd50070000 - 0x00007ffd508cd000 	C:\Windows\SYSTEM32\windows.storage.dll
0x00007ffd551e0000 - 0x00007ffd552d2000 	C:\Windows\System32\SHCORE.dll
0x00007ffd54390000 - 0x00007ffd543f7000 	C:\Windows\System32\shlwapi.dll
0x00007ffd52390000 - 0x00007ffd523b9000 	C:\Windows\SYSTEM32\profapi.dll
0x00007ffcfe0a0000 - 0x00007ffcfe0b8000 	c:\Users\Rushikesh\.vscode\extensions\redhat.java-1.49.0-win32-x64\jre\21.0.9-win32-x86_64\bin\zip.dll
0x00007ffcfe090000 - 0x00007ffcfe0a0000 	C:\Users\Rushikesh\.vscode\extensions\redhat.java-1.49.0-win32-x64\jre\21.0.9-win32-x86_64\bin\net.dll
0x00007ffd4a020000 - 0x00007ffd4a148000 	C:\Windows\SYSTEM32\WINHTTP.dll
0x00007ffd517a0000 - 0x00007ffd5180b000 	C:\Windows\system32\mswsock.dll
0x00007ffcfe070000 - 0x00007ffcfe086000 	C:\Users\Rushikesh\.vscode\extensions\redhat.java-1.49.0-win32-x64\jre\21.0.9-win32-x86_64\bin\nio.dll
0x00007ffcf7bd0000 - 0x00007ffcf7be0000 	c:\Users\Rushikesh\.vscode\extensions\redhat.java-1.49.0-win32-x64\jre\21.0.9-win32-x86_64\bin\verify.dll
0x00007ffce9450000 - 0x00007ffce9494000 	C:\Users\Rushikesh\AppData\Roaming\Code\User\globalStorage\redhat.java\1.49.0\config_win\org.eclipse.equinox.launcher\org.eclipse.equinox.launcher.win32.win32.x86_64_1.2.1400.v20250801-0854\eclipse_11916.dll
0x00007ffd531e0000 - 0x00007ffd53377000 	C:\Windows\System32\ole32.dll
0x00007ffd51a60000 - 0x00007ffd51a7b000 	C:\Windows\SYSTEM32\CRYPTSP.dll
0x00007ffd51190000 - 0x00007ffd511ca000 	C:\Windows\system32\rsaenh.dll
0x00007ffd51850000 - 0x00007ffd5187b000 	C:\Windows\SYSTEM32\USERENV.dll
0x00007ffd52360000 - 0x00007ffd5238a000 	C:\Windows\SYSTEM32\bcrypt.dll
0x00007ffd51a80000 - 0x00007ffd51a8c000 	C:\Windows\SYSTEM32\CRYPTBASE.dll
0x00007ffd50d70000 - 0x00007ffd50da4000 	C:\Windows\SYSTEM32\IPHLPAPI.DLL
0x00007ffd54900000 - 0x00007ffd5490a000 	C:\Windows\System32\NSI.dll
0x00007ffce9350000 - 0x00007ffce9399000 	C:\Users\Rushikesh\AppData\Local\Temp\jna-1924366368\jna6795018604290681248.dll
0x00007ffd53ef0000 - 0x00007ffd53ef8000 	C:\Windows\System32\PSAPI.DLL
0x00007ffd4c310000 - 0x00007ffd4c32e000 	C:\Windows\SYSTEM32\dhcpcsvc6.DLL
0x00007ffd4c2e0000 - 0x00007ffd4c303000 	C:\Windows\SYSTEM32\dhcpcsvc.DLL
0x00007ffcf7b70000 - 0x00007ffcf7b7e000 	C:\Users\Rushikesh\.vscode\extensions\redhat.java-1.49.0-win32-x64\jre\21.0.9-win32-x86_64\bin\sunmscapi.dll
0x00007ffd52650000 - 0x00007ffd527c7000 	C:\Windows\System32\CRYPT32.dll
0x00007ffd51c80000 - 0x00007ffd51cb0000 	C:\Windows\SYSTEM32\ncrypt.dll
0x00007ffd51c30000 - 0x00007ffd51c6f000 	C:\Windows\SYSTEM32\NTASN1.dll
0x00007ffd50db0000 - 0x00007ffd50edc000 	C:\Windows\SYSTEM32\DNSAPI.dll
0x00007ffd4a730000 - 0x00007ffd4a73b000 	C:\Windows\System32\rasadhlp.dll
0x00007ffd4c440000 - 0x00007ffd4c4c6000 	C:\Windows\System32\fwpuclnt.dll
0x00007ffcf7b60000 - 0x00007ffcf7b69000 	C:\Users\Rushikesh\.vscode\extensions\redhat.java-1.49.0-win32-x64\jre\21.0.9-win32-x86_64\bin\extnet.dll

JVMTI agents:
c:\Users\Rushikesh\.vscode\extensions\redhat.java-1.49.0-win32-x64\lombok\lombok-1.18.39-4050.jar path:c:\Users\Rushikesh\.vscode\extensions\redhat.java-1.49.0-win32-x64\jre\21.0.9-win32-x86_64\bin\instrument.dll, loaded, initialized, instrumentlib options:none

dbghelp: loaded successfully - version: 4.0.5 - missing functions: none
symbol engine: initialized successfully - sym options: 0x614 - pdb path: .;c:\Users\Rushikesh\.vscode\extensions\redhat.java-1.49.0-win32-x64\jre\21.0.9-win32-x86_64\bin;C:\Windows\SYSTEM32;C:\Windows\WinSxS\amd64_microsoft.windows.common-controls_6595b64144ccf1df_6.0.26100.7019_none_3e06ffa0e335b8a8;c:\Users\Rushikesh\.vscode\extensions\redhat.java-1.49.0-win32-x64\jre\21.0.9-win32-x86_64\bin\server;C:\Users\Rushikesh\AppData\Roaming\Code\User\globalStorage\redhat.java\1.49.0\config_win\org.eclipse.equinox.launcher\org.eclipse.equinox.launcher.win32.win32.x86_64_1.2.1400.v20250801-0854;C:\Users\Rushikesh\AppData\Local\Temp\jna-1924366368

VM Arguments:
jvm_args: --add-modules=ALL-SYSTEM --add-opens=java.base/java.util=ALL-UNNAMED --add-opens=java.base/java.lang=ALL-UNNAMED --add-opens=java.base/sun.nio.fs=ALL-UNNAMED -Declipse.application=org.eclipse.jdt.ls.core.id1 -Dosgi.bundles.defaultStartLevel=4 -Declipse.product=org.eclipse.jdt.ls.core.product -Djava.import.generatesMetadataFilesAtProjectRoot=false -DDetectVMInstallationsJob.disabled=true -Dfile.encoding=utf8 -XX:+UseParallelGC -XX:GCTimeRatio=4 -XX:AdaptiveSizePolicyWeight=90 -Dsun.zip.disableMemoryMapping=true -Xmx2G -Xms100m -Xlog:disable -javaagent:c:\Users\Rushikesh\.vscode\extensions\redhat.java-1.49.0-win32-x64\lombok\lombok-1.18.39-4050.jar -XX:+HeapDumpOnOutOfMemoryError -XX:HeapDumpPath=c:\Users\Rushikesh\AppData\Roaming\Code\User\workspaceStorage\cbf1c30ce6659f16218f26f7af66910e\redhat.java -Daether.dependencyCollector.impl=bf 
java_command: c:\Users\Rushikesh\.vscode\extensions\redhat.java-1.49.0-win32-x64\server\plugins\org.eclipse.equinox.launcher_1.7.100.v20251111-0406.jar -configuration c:\Users\Rushikesh\AppData\Roaming\Code\User\globalStorage\redhat.java\1.49.0\config_win -data c:\Users\Rushikesh\AppData\Roaming\Code\User\workspaceStorage\cbf1c30ce6659f16218f26f7af66910e\redhat.java\jdt_ws --pipe=\\.\pipe\lsp-e31b60690e680bfc166cd9427819337a-sock
java_class_path (initial): c:\Users\Rushikesh\.vscode\extensions\redhat.java-1.49.0-win32-x64\server\plugins\org.eclipse.equinox.launcher_1.7.100.v20251111-0406.jar
Launcher Type: SUN_STANDARD

[Global flags]
    uintx AdaptiveSizePolicyWeight                 = 90                                        {product} {command line}
     intx CICompilerCount                          = 4                                         {product} {ergonomic}
    uintx GCTimeRatio                              = 4                                         {product} {command line}
     bool HeapDumpOnOutOfMemoryError               = true                                   {manageable} {command line}
    ccstr HeapDumpPath                             = c:\Users\Rushikesh\AppData\Roaming\Code\User\workspaceStorage\cbf1c30ce6659f16218f26f7af66910e\redhat.java         {manageable} {command line}
   size_t InitialHeapSize                          = 104857600                                 {product} {command line}
   size_t MaxHeapSize                              = 2147483648                                {product} {command line}
   size_t MaxNewSize                               = 715653120                                 {product} {ergonomic}
   size_t MinHeapDeltaBytes                        = 524288                                    {product} {ergonomic}
   size_t MinHeapSize                              = 104857600                                 {product} {command line}
   size_t NewSize                                  = 34603008                                  {product} {ergonomic}
    uintx NonNMethodCodeHeapSize                   = 5839372                                {pd product} {ergonomic}
    uintx NonProfiledCodeHeapSize                  = 122909434                              {pd product} {ergonomic}
   size_t OldSize                                  = 70254592                                  {product} {ergonomic}
    uintx ProfiledCodeHeapSize                     = 122909434                              {pd product} {ergonomic}
    uintx ReservedCodeCacheSize                    = 251658240                              {pd product} {ergonomic}
     bool SegmentedCodeCache                       = true                                      {product} {ergonomic}
   size_t SoftMaxHeapSize                          = 2147483648                             {manageable} {ergonomic}
     bool UseCompressedOops                        = true                           {product lp64_product} {ergonomic}
     bool UseLargePagesIndividualAllocation        = false                                  {pd product} {ergonomic}
     bool UseParallelGC                            = true                                      {product} {command line}

Logging:
Log output configuration:
 #0: stdout all=off uptime,level,tags foldmultilines=false
 #1: stderr all=off uptime,level,tags foldmultilines=false

Release file:
JAVA_VERSION="21.0.9" 
MODULES="java.base java.compiler java.datatransfer java.xml java.prefs java.desktop java.instrument java.logging java.management java.security.sasl java.naming java.rmi java.management.rmi java.net.http java.scripting java.security.jgss java.transaction.xa java.sql java.sql.rowset java.xml.crypto java.se java.smartcardio jdk.accessibility jdk.internal.jvmstat jdk.attach jdk.charsets jdk.internal.opt jdk.zipfs jdk.compiler jdk.crypto.ec jdk.crypto.cryptoki jdk.crypto.mscapi jdk.dynalink jdk.internal.ed jdk.editpad jdk.hotspot.agent jdk.httpserver jdk.internal.le jdk.internal.vm.ci jdk.internal.vm.compiler jdk.internal.vm.compiler.management jdk.jartool jdk.javadoc jdk.jcmd jdk.management jdk.management.agent jdk.jconsole jdk.jdeps jdk.jdwp.agent jdk.jdi jdk.jfr jdk.jshell jdk.jsobject jdk.jstatd jdk.localedata jdk.management.jfr jdk.naming.dns jdk.naming.rmi jdk.net jdk.nio.mapmode jdk.random jdk.sctp jdk.security.auth jdk.security.jgss jdk.unsupported jdk.unsupported.desktop jdk.xml.dom" 

Environment Variables:
JAVA_HOME=C:\Program Files\Microsoft\jdk-17.0.16.8-hotspot
PATH=C:\Program Files\Common Files\Oracle\Java\javapath;C:\Program Files (x86)\Common Files\Oracle\Java\java8path;C:\Program Files (x86)\Common Files\Oracle\Java\javapath;C:\Python313\Scripts\;C:\Python313\;C:\Windows\system32;C:\Windows;C:\Windows\System32\Wbem;C:\Windows\System32\WindowsPowerShell\v1.0\;C:\Windows\System32\OpenSSH\;C:\Program Files (x86)\NVIDIA Corporation\PhysX\Common;C:\Program Files\NVIDIA Corporation\NVIDIA App\NvDLISR;C:\Program Files\nodejs\;C:\ProgramData\chocolatey\bin;C:\Program Files\Git\cmd;C:\Program Files\Java\jdk-24\bin;C:\Program Files\mongosh;C:\Program Files\MongoDB\Server\8.0\bin;C:\Program Files\Docker\Docker\resources\bin;C:\Program Files\Microsoft\jdk-17.0.16.8-hotspot\bin;C:\Users\Rushikesh\AppData\Local\Android\Sdk;C:\Users\Rushikesh\AppData\Local\Android\Sdk\platform-tools;C:\Users\Rushikesh\AppData\Local\Android\Sdk\emulator;C:\Users\Rushikesh\AppData\Local\Android\Sdk\build-tools;C:\Users\Rushikesh\AppData\Local\Android\Sdk\platforms;C:\Program Files (x86)\cloudflared\;C:\Users\Rushikesh\AppData\Local\Microsoft\WindowsApps;C:\Users\Rushikesh\AppData\Local\Programs\Microsoft VS Code\bin;C:\Users\Rushikesh\AppData\Roaming\npm;C:\Program Files\mongosh\;C:\Users\Rushikesh\AppData\Local\Programs\cursor\resources\app\bin;C:\Users\Rushikesh\AppData\Local\Android\Sdk;C:\Users\Rushikesh\AppData\Local\Android\Sdk\platform-tools;C:\Users\Rushikesh\AppData\Local\Android\Sdk\emulator;C:\Users\Rushikesh\AppData\Local\Android\Sdk\build-tools;C:\Users\Rushikesh\AppData\Local\Android\Sdk\platforms;C:\Program Files\Microsoft\jdk-17.0.16.8-hotspot\bin;C:\Users\Rushikesh\AppData\Roaming\Python\Python313\Scripts;
USERNAME=Rushikesh
OS=Windows_NT
PROCESSOR_IDENTIFIER=AMD64 Family 25 Model 68 Stepping 1, AuthenticAMD
TMP=C:\Users\RUSHIK~1\AppData\Local\Temp
TEMP=C:\Users\RUSHIK~1\AppData\Local\Temp




Periodic native trim disabled

---------------  S Y S T E M  ---------------

OS:
 Windows 11 , 64 bit Build 26100 (10.0.26100.7019)
OS uptime: 7 days 9:54 hours
Hyper-V role detected

CPU: total 8 (initial active 8) (8 cores per cpu, 2 threads per core) family 25 model 68 stepping 1 microcode 0xa40410a, cx8, cmov, fxsr, ht, mmx, 3dnowpref, sse, sse2, sse3, ssse3, sse4a, sse4.1, sse4.2, popcnt, lzcnt, tsc, tscinvbit, avx, avx2, aes, erms, clmul, bmi1, bmi2, adx, sha, fma, vzeroupper, clflush, clflushopt, hv, rdtscp, rdpid, fsrm, f16c, cet_ss
Processor Information for processor 0
  Max Mhz: 3201, Current Mhz: 3201, Mhz Limit: 3201
Processor Information for processor 1
  Max Mhz: 3201, Current Mhz: 2509, Mhz Limit: 3201
Processor Information for processor 2
  Max Mhz: 3201, Current Mhz: 2509, Mhz Limit: 3201
Processor Information for processor 3
  Max Mhz: 3201, Current Mhz: 2509, Mhz Limit: 3201
Processor Information for processor 4
  Max Mhz: 3201, Current Mhz: 2509, Mhz Limit: 3201
Processor Information for processor 5
  Max Mhz: 3201, Current Mhz: 2509, Mhz Limit: 3201
Processor Information for processor 6
  Max Mhz: 3201, Current Mhz: 3201, Mhz Limit: 3201
Processor Information for processor 7
  Max Mhz: 3201, Current Mhz: 3201, Mhz Limit: 3201

Memory: 4k page, system-wide physical 24260M (764M free)
TotalPageFile size 43619M (AvailPageFile size 87M)
current process WorkingSet (physical memory assigned to process): 21M, peak: 874M
current process commit charge ("private bytes"): 922M, peak: 932M

vm_info: OpenJDK 64-Bit Server VM (21.0.9+10-LTS) for windows-amd64 JRE (21.0.9+10-LTS), built on 2025-10-21T00:00:00Z by "admin" with unknown MS VC++:1942

END.
